This is pdfTeXk, Version 3.141592-1.40.3 (Web2C 7.5.6) (format=pdflatex 2016.11.3)  2 DEC 2016 20:46
entering extended mode
 %&-line parsing enabled.
**certificate.tex
(./certificate.tex
LaTeX2e <2005/12/01>
Babel <v3.8h> and hyphenation patterns for english, usenglishmax, dumylang, noh
yphenation, arabic, basque, bulgarian, coptic, welsh, czech, slovak, german, ng
erman, danish, esperanto, spanish, catalan, galician, estonian, farsi, finnish,
 french, greek, monogreek, ancientgreek, croatian, hungarian, interlingua, ibyc
us, indonesian, icelandic, italian, latin, mongolian, dutch, norsk, polish, por
tuguese, pinyin, romanian, russian, slovenian, uppersorbian, serbian, swedish, 
turkish, ukenglish, ukrainian, loaded.
(/usr/share/texmf/tex/latex/koma-script/scrartcl.cls
Document Class: scrartcl 2006/07/30 v2.95b KOMA-Script document class (article)

(/usr/share/texmf/tex/latex/koma-script/scrkbase.sty
Package: scrkbase 2006/07/30 v2.95b KOMA-Script package (basics and keyval use)


(/usr/share/texmf/tex/latex/koma-script/scrlfile.sty
Package: scrlfile 2006/03/28 v2.95 KOMA-Script package (loading files)

Package scrlfile, 2006/03/28 v2.95 KOMA-Script package (loading files)
                  Copyright (C) Markus Kohm

) (/usr/share/texmf/tex/latex/graphics/keyval.sty
Package: keyval 1999/03/16 v1.13 key=value parser (DPC)
\KV@toks@=\toks14
))

! Class scrartcl Error: File `size24.clo' not found!
(scrartcl)              This error is fatal!.

See the scrartcl class documentation for explanation.
Type  H <return>  for immediate help.
 ...                                              
                                                  
l.616 }
       
? 
! Emergency stop.
 ...                                              
                                                  
l.616 }
       
To every fontsize you want to select by class option,
you need a corresponding size-class-option-file declaring all
the macros based on fontsize.
Ask a wizzard for more information or use another fontsize.
You cannot continue!

 
Here is how much of TeX's memory you used:
 292 strings out of 256214
 4520 string characters out of 1917000
 55978 words of memory out of 1500000
 3658 multiletter control sequences out of 10000+200000
 3640 words of font info for 14 fonts, out of 1200000 for 2000
 645 hyphenation exceptions out of 8191
 30i,0n,25p,237b,20s stack positions out of 5000i,500n,6000p,200000b,15000s
!  ==> Fatal error occurred, no output PDF file produced!
